broadcastEmit room: root event: status data: {'msg': 'hello world?!'}
broadcastEmit room: root event: status data: {'msg': 'hello world?!'}
broadcastEmit room: root event: status data: {'msg': 'hello world?!'}
broadcastEmit room: root event: status data: {'msg': 'hello world?!'}
broadcastEmit room: root event: status data: {'msg': 'hello world?!'}
broadcastEmit room: root event: status data: {'msg': 'hello world?!'}
broadcastEmit room: root event: status data: {'msg': 'hello world?!'}
broadcastEmit room: root event: status data: {'msg': 'hello world?!'}
broadcastEmit room: root event: status data: {'msg': 'hello world?!'}
broadcastEmit room: root event: status data: {'msg': 'hello world?!'}
broadcastEmit room: root event: status data: {'msg': 'hello world?!'}
broadcastEmit room: root event: status data: {'msg': 'hello world?!'}
broadcastEmit room: root event: status data: {'msg': 'hello world?!'}
broadcastEmit room: root event: status data: {'msg': 'hello world?!'}
broadcastEmit room: root event: status data: {'msg': 'hello world?!'}
broadcastEmit room: root event: status data: {'msg': 'hello world?!'}
broadcastEmit room: root event: status data: {'msg': 'hello world?!'}
broadcastEmit room: root event: status data: {'msg': 'hello world?!'}
broadcastEmit room: root event: status data: {'msg': 'hello world?!'}
broadcastEmit room: root event: status data: {'msg': 'hello world?!'}
broadcastEmit room: root event: status data: {'msg': 'hello world?!'}
broadcastEmit room: root event: status data: {'msg': 'hello world?!'}
broadcastEmit room: root event: status data: {'msg': 'hello world?!'}
broadcastEmit room: root event: status data: {'msg': 'hello world?!'}
broadcastEmit room: root event: status data: {'msg': 'hello world?!'}
broadcastEmit room: root event: status data: {'msg': 'hello world?!'}
broadcastEmit room: root event: status data: {'msg': 'hello world?!'}
broadcastEmit room: root event: status data: {'msg': 'hello world?!'}
broadcastEmit room: root event: status data: {'msg': 'hello world?!'}
broadcastEmit room: root event: status data: {'msg': 'hello world?!'}
broadcastEmit room: root event: status data: {'msg': 'hello world?!'}
broadcastEmit room: root event: status data: {'msg': 'hello world?!'}
broadcastEmit room: root event: status data: {'msg': 'hello world?!'}
broadcastEmit room: root event: status data: {'msg': 'hello world?!'}
broadcastEmit room: root event: status data: {'msg': 'hello world?!'}
broadcastEmit room: root event: status data: {'msg': 'hello world?!'}
broadcastEmit room: root event: status data: {'msg': 'hello world?!'}
broadcastEmit room: root event: status data: {'msg': 'hello world?!'}
broadcastEmit room: root event: status data: {'msg': 'hello world?!'}
broadcastEmit room: root event: status data: {'msg': 'hello world?!'}
broadcastEmit room: root event: status data: {'msg': 'hello world?!'}
broadcastEmit room: root event: status data: {'msg': 'hello world?!'}
broadcastEmit room: root event: status data: {'msg': 'hello world?!'}
broadcastEmit room: root event: status data: {'msg': 'hello world?!'}
broadcastEmit room: root event: status data: {'msg': 'hello world?!'}
broadcastEmit room: root event: status data: {'msg': 'hello world?!'}
broadcastEmit room: root event: status data: {'msg': 'hello world?!'}
[2024-03-16 16:24:54 -0500] [4264] [DEBUG] Closing connection. 
[2024-03-16 16:24:54 -0500] [4264] [DEBUG] GET /
[2024-03-16 16:24:54 -0500] [4264] [DEBUG] Closing connection. 
[2024-03-16 16:24:54 -0500] [4264] [DEBUG] GET /socket.io/
[2024-03-16 16:24:54 -0500] [4264] [DEBUG] Closing connection. 
[2024-03-16 16:24:55 -0500] [4264] [DEBUG] POST /socket.io/
[2024-03-16 16:24:55 -0500] [4264] [DEBUG] Closing connection. 
[2024-03-16 16:24:55 -0500] [4264] [DEBUG] GET /socket.io/
[2024-03-16 16:24:55 -0500] [4264] [DEBUG] Closing connection. 
[2024-03-16 16:24:55 -0500] [4264] [DEBUG] GET /socket.io/
[2024-03-16 16:24:55 -0500] [4264] [DEBUG] POST /socket.io/
socketIO.on enter
broadcastEmit room: root event: status data: {'room': 'root', 'ua': 'PC / Windows 10 / Chrome 122.0.0', 'status': 'a user has joined the room.'}
[2024-03-16 16:24:55 -0500] [4264] [DEBUG] Closing connection. 
[2024-03-16 16:24:55 -0500] [4264] [DEBUG] Closing connection. 
[2024-03-16 16:24:55 -0500] [4264] [DEBUG] GET /socket.io/
[2024-03-16 16:24:55 -0500] [4264] [DEBUG] GET /socket.io/
[2024-03-16 16:24:55 -0500] [4264] [DEBUG] Closing connection. 
[2024-03-16 16:24:55 -0500] [4264] [DEBUG] GET /socket.io/
[2024-03-16 16:24:55 -0500] [4264] [DEBUG] Closing connection. 
broadcastEmit room: root event: status data: {'msg': 'hello world?!'}
broadcastEmit room: root event: status data: {'msg': 'hello world?!'}
broadcastEmit room: root event: status data: {'msg': 'hello world?!'}
broadcastEmit room: root event: status data: {'msg': 'hello world?!'}
broadcastEmit room: root event: status data: {'msg': 'hello world?!'}
broadcastEmit room: root event: status data: {'msg': 'hello world?!'}
broadcastEmit room: root event: status data: {'msg': 'hello world?!'}
broadcastEmit room: root event: status data: {'msg': 'hello world?!'}
broadcastEmit room: root event: status data: {'msg': 'hello world?!'}
broadcastEmit room: root event: status data: {'msg': 'hello world?!'}
broadcastEmit room: root event: status data: {'msg': 'hello world?!'}
broadcastEmit room: root event: status data: {'msg': 'hello world?!'}
[2024-03-16 16:25:54 -0500] [4264] [DEBUG] Closing connection. 
[2024-03-16 16:25:54 -0500] [4264] [DEBUG] GET /
[2024-03-16 16:25:54 -0500] [4264] [DEBUG] Closing connection. 
[2024-03-16 16:25:55 -0500] [4264] [DEBUG] GET /socket.io/
[2024-03-16 16:25:55 -0500] [4264] [DEBUG] Closing connection. 
[2024-03-16 16:25:55 -0500] [4264] [DEBUG] POST /socket.io/
[2024-03-16 16:25:55 -0500] [4264] [DEBUG] Closing connection. 
[2024-03-16 16:25:55 -0500] [4264] [DEBUG] GET /socket.io/
[2024-03-16 16:25:55 -0500] [4264] [DEBUG] Closing connection. 
[2024-03-16 16:25:55 -0500] [4264] [DEBUG] GET /socket.io/
[2024-03-16 16:25:55 -0500] [4264] [DEBUG] POST /socket.io/
socketIO.on enter
broadcastEmit room: root event: status data: {'room': 'root', 'ua': 'PC / Windows 10 / Chrome 122.0.0', 'status': 'a user has joined the room.'}
[2024-03-16 16:25:55 -0500] [4264] [DEBUG] Closing connection. 
[2024-03-16 16:25:55 -0500] [4264] [DEBUG] Closing connection. 
[2024-03-16 16:25:55 -0500] [4264] [DEBUG] GET /socket.io/
[2024-03-16 16:25:55 -0500] [4264] [DEBUG] GET /socket.io/
[2024-03-16 16:25:55 -0500] [4264] [DEBUG] Closing connection. 
broadcastEmit room: root event: status data: {'msg': 'hello world?!'}
broadcastEmit room: root event: status data: {'msg': 'hello world?!'}
broadcastEmit room: root event: status data: {'msg': 'hello world?!'}
broadcastEmit room: root event: status data: {'msg': 'hello world?!'}
[2024-03-16 16:26:13 -0500] [4264] [DEBUG] Closing connection. 
[2024-03-16 16:26:13 -0500] [4264] [DEBUG] GET /
[2024-03-16 16:26:13 -0500] [4264] [DEBUG] Closing connection. 
[2024-03-16 16:26:14 -0500] [4264] [DEBUG] GET /socket.io/
[2024-03-16 16:26:14 -0500] [4264] [DEBUG] Closing connection. 
[2024-03-16 16:26:14 -0500] [4264] [DEBUG] POST /socket.io/
[2024-03-16 16:26:14 -0500] [4264] [DEBUG] Closing connection. 
[2024-03-16 16:26:14 -0500] [4264] [DEBUG] GET /socket.io/
[2024-03-16 16:26:14 -0500] [4264] [DEBUG] Closing connection. 
[2024-03-16 16:26:14 -0500] [4264] [DEBUG] GET /socket.io/
[2024-03-16 16:26:14 -0500] [4264] [DEBUG] POST /socket.io/
socketIO.on enter
broadcastEmit room: root event: status data: {'room': 'root', 'ua': 'PC / Windows 10 / Chrome 122.0.0', 'status': 'a user has joined the room.'}
[2024-03-16 16:26:14 -0500] [4264] [DEBUG] Closing connection. 
[2024-03-16 16:26:14 -0500] [4264] [DEBUG] Closing connection. 
[2024-03-16 16:26:14 -0500] [4264] [DEBUG] GET /socket.io/
[2024-03-16 16:26:14 -0500] [4264] [DEBUG] GET /socket.io/
[2024-03-16 16:26:14 -0500] [4264] [DEBUG] Closing connection. 
[2024-03-16 16:26:14 -0500] [4264] [DEBUG] GET /socket.io/
[2024-03-16 16:26:14 -0500] [4264] [DEBUG] Closing connection. 
broadcastEmit room: root event: status data: {'msg': 'hello world?!'}
broadcastEmit room: root event: status data: {'msg': 'hello world?!'}
broadcastEmit room: root event: status data: {'msg': 'hello world?!'}
broadcastEmit room: root event: status data: {'msg': 'hello world?!'}
broadcastEmit room: root event: status data: {'msg': 'hello world?!'}
broadcastEmit room: root event: status data: {'msg': 'hello world?!'}
broadcastEmit room: root event: status data: {'msg': 'hello world?!'}
broadcastEmit room: root event: status data: {'msg': 'hello world?!'}
broadcastEmit room: root event: status data: {'msg': 'hello world?!'}
broadcastEmit room: root event: status data: {'msg': 'hello world?!'}
broadcastEmit room: root event: status data: {'msg': 'hello world?!'}
broadcastEmit room: root event: status data: {'msg': 'hello world?!'}
broadcastEmit room: root event: status data: {'msg': 'hello world?!'}
broadcastEmit room: root event: status data: {'msg': 'hello world?!'}
broadcastEmit room: root event: status data: {'msg': 'hello world?!'}
broadcastEmit room: root event: status data: {'msg': 'hello world?!'}
broadcastEmit room: root event: status data: {'msg': 'hello world?!'}
broadcastEmit room: root event: status data: {'msg': 'hello world?!'}
broadcastEmit room: root event: status data: {'msg': 'hello world?!'}
broadcastEmit room: root event: status data: {'msg': 'hello world?!'}
broadcastEmit room: root event: status data: {'msg': 'hello world?!'}
broadcastEmit room: root event: status data: {'msg': 'hello world?!'}
broadcastEmit room: root event: status data: {'msg': 'hello world?!'}
broadcastEmit room: root event: status data: {'msg': 'hello world?!'}
broadcastEmit room: root event: status data: {'msg': 'hello world?!'}
broadcastEmit room: root event: status data: {'msg': 'hello world?!'}
broadcastEmit room: root event: status data: {'msg': 'hello world?!'}
broadcastEmit room: root event: status data: {'msg': 'hello world?!'}
broadcastEmit room: root event: status data: {'msg': 'hello world?!'}
broadcastEmit room: root event: status data: {'msg': 'hello world?!'}
broadcastEmit room: root event: status data: {'msg': 'hello world?!'}
broadcastEmit room: root event: status data: {'msg': 'hello world?!'}
broadcastEmit room: root event: status data: {'msg': 'hello world?!'}
broadcastEmit room: root event: status data: {'msg': 'hello world?!'}
broadcastEmit room: root event: status data: {'msg': 'hello world?!'}
broadcastEmit room: root event: status data: {'msg': 'hello world?!'}
broadcastEmit room: root event: status data: {'msg': 'hello world?!'}
broadcastEmit room: root event: status data: {'msg': 'hello world?!'}
broadcastEmit room: root event: status data: {'msg': 'hello world?!'}
broadcastEmit room: root event: status data: {'msg': 'hello world?!'}
broadcastEmit room: root event: status data: {'msg': 'hello world?!'}
broadcastEmit room: root event: status data: {'msg': 'hello world?!'}
broadcastEmit room: root event: status data: {'msg': 'hello world?!'}
broadcastEmit room: root event: status data: {'msg': 'hello world?!'}
broadcastEmit room: root event: status data: {'msg': 'hello world?!'}
broadcastEmit room: root event: status data: {'msg': 'hello world?!'}
broadcastEmit room: root event: status data: {'msg': 'hello world?!'}
broadcastEmit room: root event: status data: {'msg': 'hello world?!'}
broadcastEmit room: root event: status data: {'msg': 'hello world?!'}
broadcastEmit room: root event: status data: {'msg': 'hello world?!'}
broadcastEmit room: root event: status data: {'msg': 'hello world?!'}
broadcastEmit room: root event: status data: {'msg': 'hello world?!'}
broadcastEmit room: root event: status data: {'msg': 'hello world?!'}
broadcastEmit room: root event: status data: {'msg': 'hello world?!'}
broadcastEmit room: root event: status data: {'msg': 'hello world?!'}
broadcastEmit room: root event: status data: {'msg': 'hello world?!'}
broadcastEmit room: root event: status data: {'msg': 'hello world?!'}
broadcastEmit room: root event: status data: {'msg': 'hello world?!'}
broadcastEmit room: root event: status data: {'msg': 'hello world?!'}
broadcastEmit room: root event: status data: {'msg': 'hello world?!'}
broadcastEmit room: root event: status data: {'msg': 'hello world?!'}
broadcastEmit room: root event: status data: {'msg': 'hello world?!'}
broadcastEmit room: root event: status data: {'msg': 'hello world?!'}
broadcastEmit room: root event: status data: {'msg': 'hello world?!'}
broadcastEmit room: root event: status data: {'msg': 'hello world?!'}
broadcastEmit room: root event: status data: {'msg': 'hello world?!'}
broadcastEmit room: root event: status data: {'msg': 'hello world?!'}
broadcastEmit room: root event: status data: {'msg': 'hello world?!'}
broadcastEmit room: root event: status data: {'msg': 'hello world?!'}
broadcastEmit room: root event: status data: {'msg': 'hello world?!'}
broadcastEmit room: root event: status data: {'msg': 'hello world?!'}
broadcastEmit room: root event: status data: {'msg': 'hello world?!'}
broadcastEmit room: root event: status data: {'msg': 'hello world?!'}
broadcastEmit room: root event: status data: {'msg': 'hello world?!'}
broadcastEmit room: root event: status data: {'msg': 'hello world?!'}
broadcastEmit room: root event: status data: {'msg': 'hello world?!'}
broadcastEmit room: root event: status data: {'msg': 'hello world?!'}
broadcastEmit room: root event: status data: {'msg': 'hello world?!'}
broadcastEmit room: root event: status data: {'msg': 'hello world?!'}
broadcastEmit room: root event: status data: {'msg': 'hello world?!'}
broadcastEmit room: root event: status data: {'msg': 'hello world?!'}
broadcastEmit room: root event: status data: {'msg': 'hello world?!'}
broadcastEmit room: root event: status data: {'msg': 'hello world?!'}
broadcastEmit room: root event: status data: {'msg': 'hello world?!'}
broadcastEmit room: root event: status data: {'msg': 'hello world?!'}
broadcastEmit room: root event: status data: {'msg': 'hello world?!'}
broadcastEmit room: root event: status data: {'msg': 'hello world?!'}
broadcastEmit room: root event: status data: {'msg': 'hello world?!'}
broadcastEmit room: root event: status data: {'msg': 'hello world?!'}
broadcastEmit room: root event: status data: {'msg': 'hello world?!'}
broadcastEmit room: root event: status data: {'msg': 'hello world?!'}
broadcastEmit room: root event: status data: {'msg': 'hello world?!'}
broadcastEmit room: root event: status data: {'msg': 'hello world?!'}
broadcastEmit room: root event: status data: {'msg': 'hello world?!'}
broadcastEmit room: root event: status data: {'msg': 'hello world?!'}
[2024-03-16 16:34:12 -0500] [4264] [DEBUG] Closing connection. 
[2024-03-16 16:34:12 -0500] [4264] [DEBUG] GET /
[2024-03-16 16:34:12 -0500] [4264] [DEBUG] Closing connection. 
broadcastEmit room: root event: status data: {'msg': 'hello world?!'}
broadcastEmit room: root event: status data: {'msg': 'hello world?!'}
broadcastEmit room: root event: status data: {'msg': 'hello world?!'}
broadcastEmit room: root event: status data: {'msg': 'hello world?!'}
broadcastEmit room: root event: status data: {'msg': 'hello world?!'}
broadcastEmit room: root event: status data: {'msg': 'hello world?!'}
broadcastEmit room: root event: status data: {'msg': 'hello world?!'}
broadcastEmit room: root event: status data: {'msg': 'hello world?!'}
broadcastEmit room: root event: status data: {'msg': 'hello world?!'}
broadcastEmit room: root event: status data: {'msg': 'hello world?!'}
broadcastEmit room: root event: status data: {'msg': 'hello world?!'}
broadcastEmit room: root event: status data: {'msg': 'hello world?!'}
broadcastEmit room: root event: status data: {'msg': 'hello world?!'}
broadcastEmit room: root event: status data: {'msg': 'hello world?!'}
broadcastEmit room: root event: status data: {'msg': 'hello world?!'}
broadcastEmit room: root event: status data: {'msg': 'hello world?!'}
broadcastEmit room: root event: status data: {'msg': 'hello world?!'}
broadcastEmit room: root event: status data: {'msg': 'hello world?!'}
broadcastEmit room: root event: status data: {'msg': 'hello world?!'}
broadcastEmit room: root event: status data: {'msg': 'hello world?!'}
broadcastEmit room: root event: status data: {'msg': 'hello world?!'}
broadcastEmit room: root event: status data: {'msg': 'hello world?!'}
broadcastEmit room: root event: status data: {'msg': 'hello world?!'}
[2024-03-16 16:36:03 -0500] [4264] [DEBUG] GET /
[2024-03-16 16:36:03 -0500] [4264] [DEBUG] Closing connection. 
broadcastEmit room: root event: status data: {'msg': 'hello world?!'}
broadcastEmit room: root event: status data: {'msg': 'hello world?!'}
[2024-03-16 16:36:17 -0500] [4264] [DEBUG] GET /
[2024-03-16 16:36:17 -0500] [4264] [DEBUG] Closing connection. 
broadcastEmit room: root event: status data: {'msg': 'hello world?!'}
broadcastEmit room: root event: status data: {'msg': 'hello world?!'}
broadcastEmit room: root event: status data: {'msg': 'hello world?!'}
[2024-03-16 16:36:32 -0500] [4264] [DEBUG] GET /
[2024-03-16 16:36:32 -0500] [4264] [DEBUG] Closing connection. 
[2024-03-16 16:36:32 -0500] [4264] [DEBUG] GET /socket.io/
[2024-03-16 16:36:32 -0500] [4264] [DEBUG] Closing connection. 
[2024-03-16 16:36:32 -0500] [4264] [DEBUG] POST /socket.io/
[2024-03-16 16:36:32 -0500] [4264] [DEBUG] Closing connection. 
[2024-03-16 16:36:32 -0500] [4264] [DEBUG] GET /socket.io/
[2024-03-16 16:36:32 -0500] [4264] [DEBUG] Closing connection. 
[2024-03-16 16:36:32 -0500] [4264] [DEBUG] GET /socket.io/
[2024-03-16 16:36:32 -0500] [4264] [DEBUG] POST /socket.io/
socketIO.on enter
broadcastEmit room: root event: status data: {'room': 'root', 'ua': 'PC / Windows 10 / Chrome 122.0.0', 'status': 'a user has joined the room.'}
[2024-03-16 16:36:32 -0500] [4264] [DEBUG] Closing connection. 
[2024-03-16 16:36:32 -0500] [4264] [DEBUG] Closing connection. 
[2024-03-16 16:36:32 -0500] [4264] [DEBUG] GET /socket.io/
[2024-03-16 16:36:32 -0500] [4264] [DEBUG] GET /socket.io/
[2024-03-16 16:36:32 -0500] [4264] [DEBUG] Closing connection. 
[2024-03-16 16:36:32 -0500] [4264] [DEBUG] GET /socket.io/
[2024-03-16 16:36:32 -0500] [4264] [DEBUG] Closing connection. 
broadcastEmit room: root event: status data: {'msg': 'hello world?!'}
broadcastEmit room: root event: status data: {'msg': 'hello world?!'}
broadcastEmit room: root event: status data: {'msg': 'hello world?!'}
broadcastEmit room: root event: status data: {'msg': 'hello world?!'}
broadcastEmit room: root event: status data: {'msg': 'hello world?!'}
broadcastEmit room: root event: status data: {'msg': 'hello world?!'}
broadcastEmit room: root event: status data: {'msg': 'hello world?!'}
broadcastEmit room: root event: status data: {'msg': 'hello world?!'}
broadcastEmit room: root event: status data: {'msg': 'hello world?!'}
broadcastEmit room: root event: status data: {'msg': 'hello world?!'}
broadcastEmit room: root event: status data: {'msg': 'hello world?!'}
broadcastEmit room: root event: status data: {'msg': 'hello world?!'}
broadcastEmit room: root event: status data: {'msg': 'hello world?!'}
broadcastEmit room: root event: status data: {'msg': 'hello world?!'}
broadcastEmit room: root event: status data: {'msg': 'hello world?!'}
broadcastEmit room: root event: status data: {'msg': 'hello world?!'}
broadcastEmit room: root event: status data: {'msg': 'hello world?!'}
broadcastEmit room: root event: status data: {'msg': 'hello world?!'}
broadcastEmit room: root event: status data: {'msg': 'hello world?!'}
broadcastEmit room: root event: status data: {'msg': 'hello world?!'}
broadcastEmit room: root event: status data: {'msg': 'hello world?!'}
broadcastEmit room: root event: status data: {'msg': 'hello world?!'}
broadcastEmit room: root event: status data: {'msg': 'hello world?!'}
broadcastEmit room: root event: status data: {'msg': 'hello world?!'}
broadcastEmit room: root event: status data: {'msg': 'hello world?!'}
broadcastEmit room: root event: status data: {'msg': 'hello world?!'}
broadcastEmit room: root event: status data: {'msg': 'hello world?!'}
broadcastEmit room: root event: status data: {'msg': 'hello world?!'}
broadcastEmit room: root event: status data: {'msg': 'hello world?!'}
broadcastEmit room: root event: status data: {'msg': 'hello world?!'}
broadcastEmit room: root event: status data: {'msg': 'hello world?!'}
broadcastEmit room: root event: status data: {'msg': 'hello world?!'}
broadcastEmit room: root event: status data: {'msg': 'hello world?!'}
broadcastEmit room: root event: status data: {'msg': 'hello world?!'}
broadcastEmit room: root event: status data: {'msg': 'hello world?!'}
broadcastEmit room: root event: status data: {'msg': 'hello world?!'}
broadcastEmit room: root event: status data: {'msg': 'hello world?!'}
broadcastEmit room: root event: status data: {'msg': 'hello world?!'}
broadcastEmit room: root event: status data: {'msg': 'hello world?!'}
broadcastEmit room: root event: status data: {'msg': 'hello world?!'}
broadcastEmit room: root event: status data: {'msg': 'hello world?!'}
broadcastEmit room: root event: status data: {'msg': 'hello world?!'}
broadcastEmit room: root event: status data: {'msg': 'hello world?!'}
broadcastEmit room: root event: status data: {'msg': 'hello world?!'}
broadcastEmit room: root event: status data: {'msg': 'hello world?!'}
broadcastEmit room: root event: status data: {'msg': 'hello world?!'}
broadcastEmit room: root event: status data: {'msg': 'hello world?!'}
broadcastEmit room: root event: status data: {'msg': 'hello world?!'}
broadcastEmit room: root event: status data: {'msg': 'hello world?!'}
broadcastEmit room: root event: status data: {'msg': 'hello world?!'}
broadcastEmit room: root event: status data: {'msg': 'hello world?!'}
broadcastEmit room: root event: status data: {'msg': 'hello world?!'}
broadcastEmit room: root event: status data: {'msg': 'hello world?!'}
broadcastEmit room: root event: status data: {'msg': 'hello world?!'}
broadcastEmit room: root event: status data: {'msg': 'hello world?!'}
broadcastEmit room: root event: status data: {'msg': 'hello world?!'}
broadcastEmit room: root event: status data: {'msg': 'hello world?!'}
broadcastEmit room: root event: status data: {'msg': 'hello world?!'}
broadcastEmit room: root event: status data: {'msg': 'hello world?!'}
broadcastEmit room: root event: status data: {'msg': 'hello world?!'}
broadcastEmit room: root event: status data: {'msg': 'hello world?!'}
broadcastEmit room: root event: status data: {'msg': 'hello world?!'}
broadcastEmit room: root event: status data: {'msg': 'hello world?!'}
broadcastEmit room: root event: status data: {'msg': 'hello world?!'}
broadcastEmit room: root event: status data: {'msg': 'hello world?!'}
broadcastEmit room: root event: status data: {'msg': 'hello world?!'}
broadcastEmit room: root event: status data: {'msg': 'hello world?!'}
broadcastEmit room: root event: status data: {'msg': 'hello world?!'}
broadcastEmit room: root event: status data: {'msg': 'hello world?!'}
broadcastEmit room: root event: status data: {'msg': 'hello world?!'}
broadcastEmit room: root event: status data: {'msg': 'hello world?!'}
broadcastEmit room: root event: status data: {'msg': 'hello world?!'}
broadcastEmit room: root event: status data: {'msg': 'hello world?!'}
broadcastEmit room: root event: status data: {'msg': 'hello world?!'}
broadcastEmit room: root event: status data: {'msg': 'hello world?!'}
broadcastEmit room: root event: status data: {'msg': 'hello world?!'}
broadcastEmit room: root event: status data: {'msg': 'hello world?!'}
broadcastEmit room: root event: status data: {'msg': 'hello world?!'}
broadcastEmit room: root event: status data: {'msg': 'hello world?!'}
broadcastEmit room: root event: status data: {'msg': 'hello world?!'}
broadcastEmit room: root event: status data: {'msg': 'hello world?!'}
broadcastEmit room: root event: status data: {'msg': 'hello world?!'}
broadcastEmit room: root event: status data: {'msg': 'hello world?!'}
broadcastEmit room: root event: status data: {'msg': 'hello world?!'}
broadcastEmit room: root event: status data: {'msg': 'hello world?!'}
broadcastEmit room: root event: status data: {'msg': 'hello world?!'}
broadcastEmit room: root event: status data: {'msg': 'hello world?!'}
broadcastEmit room: root event: status data: {'msg': 'hello world?!'}
broadcastEmit room: root event: status data: {'msg': 'hello world?!'}
broadcastEmit room: root event: status data: {'msg': 'hello world?!'}
broadcastEmit room: root event: status data: {'msg': 'hello world?!'}
broadcastEmit room: root event: status data: {'msg': 'hello world?!'}
broadcastEmit room: root event: status data: {'msg': 'hello world?!'}
broadcastEmit room: root event: status data: {'msg': 'hello world?!'}
broadcastEmit room: root event: status data: {'msg': 'hello world?!'}
broadcastEmit room: root event: status data: {'msg': 'hello world?!'}
broadcastEmit room: root event: status data: {'msg': 'hello world?!'}
[2024-03-16 16:44:33 -0500] [4264] [DEBUG] Closing connection. 
[2024-03-16 16:44:33 -0500] [4264] [DEBUG] GET /
[2024-03-16 16:44:33 -0500] [4264] [DEBUG] Closing connection. 
[2024-03-16 16:44:33 -0500] [4264] [DEBUG] GET /socket.io/
[2024-03-16 16:44:33 -0500] [4264] [DEBUG] Closing connection. 
[2024-03-16 16:44:33 -0500] [4264] [DEBUG] POST /socket.io/
[2024-03-16 16:44:33 -0500] [4264] [DEBUG] Closing connection. 
[2024-03-16 16:44:33 -0500] [4264] [DEBUG] GET /socket.io/
[2024-03-16 16:44:33 -0500] [4264] [DEBUG] Closing connection. 
[2024-03-16 16:44:33 -0500] [4264] [DEBUG] GET /socket.io/
[2024-03-16 16:44:33 -0500] [4264] [DEBUG] POST /socket.io/
socketIO.on enter
broadcastEmit room: root event: status data: {'room': 'root', 'ua': 'PC / Windows 10 / Chrome 122.0.0', 'status': 'a user has joined the room.'}
[2024-03-16 16:44:33 -0500] [4264] [DEBUG] Closing connection. 
[2024-03-16 16:44:33 -0500] [4264] [DEBUG] Closing connection. 
[2024-03-16 16:44:33 -0500] [4264] [DEBUG] GET /socket.io/
[2024-03-16 16:44:33 -0500] [4264] [DEBUG] GET /socket.io/
[2024-03-16 16:44:33 -0500] [4264] [DEBUG] Closing connection. 
broadcastEmit room: root event: status data: {'msg': 'hello world?!'}
broadcastEmit room: root event: status data: {'msg': 'hello world?!'}
chat: {'message': 'ghjk'}
broadcastEmit room: root event: chat data: {'message': 'ghjk'}
broadcastEmit room: root event: status data: {'msg': 'hello world?!'}
broadcastEmit room: root event: status data: {'msg': 'hello world?!'}
broadcastEmit room: root event: status data: {'msg': 'hello world?!'}
broadcastEmit room: root event: status data: {'msg': 'hello world?!'}
broadcastEmit room: root event: status data: {'msg': 'hello world?!'}
broadcastEmit room: root event: status data: {'msg': 'hello world?!'}
broadcastEmit room: root event: status data: {'msg': 'hello world?!'}
broadcastEmit room: root event: status data: {'msg': 'hello world?!'}
broadcastEmit room: root event: status data: {'msg': 'hello world?!'}
broadcastEmit room: root event: status data: {'msg': 'hello world?!'}
broadcastEmit room: root event: status data: {'msg': 'hello world?!'}
broadcastEmit room: root event: status data: {'msg': 'hello world?!'}
broadcastEmit room: root event: status data: {'msg': 'hello world?!'}
broadcastEmit room: root event: status data: {'msg': 'hello world?!'}
broadcastEmit room: root event: status data: {'msg': 'hello world?!'}
broadcastEmit room: root event: status data: {'msg': 'hello world?!'}
broadcastEmit room: root event: status data: {'msg': 'hello world?!'}
broadcastEmit room: root event: status data: {'msg': 'hello world?!'}
broadcastEmit room: root event: status data: {'msg': 'hello world?!'}
broadcastEmit room: root event: status data: {'msg': 'hello world?!'}
broadcastEmit room: root event: status data: {'msg': 'hello world?!'}
broadcastEmit room: root event: status data: {'msg': 'hello world?!'}
broadcastEmit room: root event: status data: {'msg': 'hello world?!'}
broadcastEmit room: root event: status data: {'msg': 'hello world?!'}
broadcastEmit room: root event: status data: {'msg': 'hello world?!'}
broadcastEmit room: root event: status data: {'msg': 'hello world?!'}
broadcastEmit room: root event: status data: {'msg': 'hello world?!'}
broadcastEmit room: root event: status data: {'msg': 'hello world?!'}
broadcastEmit room: root event: status data: {'msg': 'hello world?!'}
broadcastEmit room: root event: status data: {'msg': 'hello world?!'}
broadcastEmit room: root event: status data: {'msg': 'hello world?!'}
broadcastEmit room: root event: status data: {'msg': 'hello world?!'}
broadcastEmit room: root event: status data: {'msg': 'hello world?!'}
broadcastEmit room: root event: status data: {'msg': 'hello world?!'}
broadcastEmit room: root event: status data: {'msg': 'hello world?!'}
broadcastEmit room: root event: status data: {'msg': 'hello world?!'}
broadcastEmit room: root event: status data: {'msg': 'hello world?!'}
broadcastEmit room: root event: status data: {'msg': 'hello world?!'}
broadcastEmit room: root event: status data: {'msg': 'hello world?!'}
broadcastEmit room: root event: status data: {'msg': 'hello world?!'}
broadcastEmit room: root event: status data: {'msg': 'hello world?!'}
broadcastEmit room: root event: status data: {'msg': 'hello world?!'}
broadcastEmit room: root event: status data: {'msg': 'hello world?!'}
broadcastEmit room: root event: status data: {'msg': 'hello world?!'}
broadcastEmit room: root event: status data: {'msg': 'hello world?!'}
broadcastEmit room: root event: status data: {'msg': 'hello world?!'}
broadcastEmit room: root event: status data: {'msg': 'hello world?!'}
broadcastEmit room: root event: status data: {'msg': 'hello world?!'}
broadcastEmit room: root event: status data: {'msg': 'hello world?!'}
broadcastEmit room: root event: status data: {'msg': 'hello world?!'}
broadcastEmit room: root event: status data: {'msg': 'hello world?!'}
broadcastEmit room: root event: status data: {'msg': 'hello world?!'}
broadcastEmit room: root event: status data: {'msg': 'hello world?!'}
broadcastEmit room: root event: status data: {'msg': 'hello world?!'}
broadcastEmit room: root event: status data: {'msg': 'hello world?!'}
broadcastEmit room: root event: status data: {'msg': 'hello world?!'}
broadcastEmit room: root event: status data: {'msg': 'hello world?!'}
broadcastEmit room: root event: status data: {'msg': 'hello world?!'}
broadcastEmit room: root event: status data: {'msg': 'hello world?!'}
broadcastEmit room: root event: status data: {'msg': 'hello world?!'}
broadcastEmit room: root event: status data: {'msg': 'hello world?!'}
broadcastEmit room: root event: status data: {'msg': 'hello world?!'}
broadcastEmit room: root event: status data: {'msg': 'hello world?!'}
broadcastEmit room: root event: status data: {'msg': 'hello world?!'}
broadcastEmit room: root event: status data: {'msg': 'hello world?!'}
broadcastEmit room: root event: status data: {'msg': 'hello world?!'}
broadcastEmit room: root event: status data: {'msg': 'hello world?!'}
broadcastEmit room: root event: status data: {'msg': 'hello world?!'}
broadcastEmit room: root event: status data: {'msg': 'hello world?!'}
[2024-03-16 16:50:30 -0500] [4264] [DEBUG] Closing connection. 
[2024-03-16 16:50:30 -0500] [4264] [DEBUG] GET /
[2024-03-16 16:50:30 -0500] [4264] [DEBUG] Closing connection. 
[2024-03-16 16:50:30 -0500] [4264] [DEBUG] GET /socket.io/
[2024-03-16 16:50:30 -0500] [4264] [DEBUG] Closing connection. 
[2024-03-16 16:50:30 -0500] [4264] [DEBUG] POST /socket.io/
[2024-03-16 16:50:30 -0500] [4264] [DEBUG] Closing connection. 
[2024-03-16 16:50:30 -0500] [4264] [DEBUG] GET /socket.io/
[2024-03-16 16:50:30 -0500] [4264] [DEBUG] Closing connection. 
[2024-03-16 16:50:31 -0500] [4264] [DEBUG] GET /socket.io/
[2024-03-16 16:50:31 -0500] [4264] [DEBUG] POST /socket.io/
socketIO.on enter
broadcastEmit room: root event: status data: {'room': 'root', 'ua': 'PC / Windows 10 / Chrome 122.0.0', 'status': 'a user has joined the room.'}
[2024-03-16 16:50:31 -0500] [4264] [DEBUG] GET /socket.io/
[2024-03-16 16:50:31 -0500] [4264] [DEBUG] Closing connection. 
[2024-03-16 16:50:31 -0500] [4264] [DEBUG] Closing connection. 
[2024-03-16 16:50:31 -0500] [4264] [DEBUG] GET /socket.io/
[2024-03-16 16:50:31 -0500] [4264] [DEBUG] Closing connection. 
broadcastEmit room: root event: status data: {'msg': 'hello world?!'}
broadcastEmit room: root event: status data: {'msg': 'hello world?!'}
broadcastEmit room: root event: status data: {'msg': 'hello world?!'}
broadcastEmit room: root event: status data: {'msg': 'hello world?!'}
broadcastEmit room: root event: status data: {'msg': 'hello world?!'}
broadcastEmit room: root event: status data: {'msg': 'hello world?!'}
broadcastEmit room: root event: status data: {'msg': 'hello world?!'}
broadcastEmit room: root event: status data: {'msg': 'hello world?!'}
[2024-03-16 16:51:13 -0500] [4264] [DEBUG] Closing connection. 
[2024-03-16 16:51:13 -0500] [4264] [DEBUG] GET /
[2024-03-16 16:51:13 -0500] [4264] [DEBUG] Closing connection. 
[2024-03-16 16:51:13 -0500] [4264] [DEBUG] GET /socket.io/
[2024-03-16 16:51:13 -0500] [4264] [DEBUG] Closing connection. 
[2024-03-16 16:51:13 -0500] [4264] [DEBUG] POST /socket.io/
[2024-03-16 16:51:13 -0500] [4264] [DEBUG] Closing connection. 
[2024-03-16 16:51:13 -0500] [4264] [DEBUG] GET /socket.io/
[2024-03-16 16:51:13 -0500] [4264] [DEBUG] Closing connection. 
[2024-03-16 16:51:13 -0500] [4264] [DEBUG] GET /socket.io/
[2024-03-16 16:51:13 -0500] [4264] [DEBUG] GET /socket.io/
[2024-03-16 16:51:13 -0500] [4264] [DEBUG] Closing connection. 
[2024-03-16 16:51:13 -0500] [4264] [DEBUG] POST /socket.io/
socketIO.on enter
broadcastEmit room: root event: status data: {'room': 'root', 'ua': 'PC / Windows 10 / Chrome 122.0.0', 'status': 'a user has joined the room.'}
[2024-03-16 16:51:13 -0500] [4264] [DEBUG] Closing connection. 
[2024-03-16 16:51:13 -0500] [4264] [DEBUG] GET /socket.io/
[2024-03-16 16:51:13 -0500] [4264] [DEBUG] Closing connection. 
broadcastEmit room: root event: status data: {'msg': 'hello world?!'}
chat: {'message': 'lol'}
broadcastEmit room: root event: chat data: {'message': 'lol'}
chat: {'message': 'xD'}
broadcastEmit room: root event: chat data: {'message': 'xD'}
broadcastEmit room: root event: status data: {'msg': 'hello world?!'}
broadcastEmit room: root event: status data: {'msg': 'hello world?!'}
broadcastEmit room: root event: status data: {'msg': 'hello world?!'}
[2024-03-16 16:51:31 -0500] [4264] [DEBUG] GET /
[2024-03-16 16:51:31 -0500] [4264] [DEBUG] Closing connection. 
broadcastEmit room: root event: status data: {'msg': 'hello world?!'}
broadcastEmit room: root event: status data: {'msg': 'hello world?!'}
broadcastEmit room: root event: status data: {'msg': 'hello world?!'}
broadcastEmit room: root event: status data: {'msg': 'hello world?!'}
broadcastEmit room: root event: status data: {'msg': 'hello world?!'}
[2024-03-16 16:51:55 -0500] [4264] [DEBUG] GET /
[2024-03-16 16:51:55 -0500] [4264] [DEBUG] Closing connection. 
[2024-03-16 16:51:56 -0500] [4264] [DEBUG] GET /socket.io/
[2024-03-16 16:51:56 -0500] [4264] [DEBUG] Closing connection. 
[2024-03-16 16:51:56 -0500] [4264] [DEBUG] POST /socket.io/
[2024-03-16 16:51:56 -0500] [4264] [DEBUG] Closing connection. 
[2024-03-16 16:51:56 -0500] [4264] [DEBUG] GET /socket.io/
[2024-03-16 16:51:56 -0500] [4264] [DEBUG] Closing connection. 
[2024-03-16 16:51:56 -0500] [4264] [DEBUG] GET /socket.io/
[2024-03-16 16:51:56 -0500] [4264] [DEBUG] POST /socket.io/
socketIO.on enter
broadcastEmit room: root event: status data: {'room': 'root', 'ua': 'PC / Windows 10 / Firefox 123.0', 'status': 'a user has joined the room.'}
[2024-03-16 16:51:56 -0500] [4264] [DEBUG] Closing connection. 
[2024-03-16 16:51:56 -0500] [4264] [DEBUG] Closing connection. 
[2024-03-16 16:51:56 -0500] [4264] [DEBUG] GET /favicon.ico
[2024-03-16 16:51:56 -0500] [4264] [DEBUG] Closing connection. 
[2024-03-16 16:51:56 -0500] [4264] [DEBUG] GET /socket.io/
[2024-03-16 16:51:56 -0500] [4264] [DEBUG] GET /socket.io/
[2024-03-16 16:51:57 -0500] [4264] [DEBUG] Closing connection. 
broadcastEmit room: root event: status data: {'msg': 'hello world?!'}
broadcastEmit room: root event: status data: {'msg': 'hello world?!'}
chat: {'message': 'gay'}
broadcastEmit room: root event: chat data: {'message': 'gay'}
chat: {'message': 'nerd'}
broadcastEmit room: root event: chat data: {'message': 'nerd'}
broadcastEmit room: root event: status data: {'msg': 'hello world?!'}
chat: {'message': 'homosex'}
broadcastEmit room: root event: chat data: {'message': 'homosex'}
broadcastEmit room: root event: status data: {'msg': 'hello world?!'}
broadcastEmit room: root event: status data: {'msg': 'hello world?!'}
chat: {'message': 'owo'}
broadcastEmit room: root event: chat data: {'message': 'owo'}
broadcastEmit room: root event: status data: {'msg': 'hello world?!'}
broadcastEmit room: root event: status data: {'msg': 'hello world?!'}
broadcastEmit room: root event: status data: {'msg': 'hello world?!'}
chat: {'message': ':3 in the chat boys'}
broadcastEmit room: root event: chat data: {'message': ':3 in the chat boys'}
broadcastEmit room: root event: status data: {'msg': 'hello world?!'}
chat: {'message': ':3'}
broadcastEmit room: root event: chat data: {'message': ':3'}
broadcastEmit room: root event: status data: {'msg': 'hello world?!'}
chat: {'message': ':3 :3 :3 :3 :3 :3 :3 :3 :3 :3 :3 '}
broadcastEmit room: root event: chat data: {'message': ':3 :3 :3 :3 :3 :3 :3 :3 :3 :3 :3 '}
chat: {'message': 'owowowowowowow'}
broadcastEmit room: root event: chat data: {'message': 'owowowowowowow'}
broadcastEmit room: root event: status data: {'msg': 'hello world?!'}
broadcastEmit room: root event: status data: {'msg': 'hello world?!'}
chat: {'message': 'very lightweight chat'}
broadcastEmit room: root event: chat data: {'message': 'very lightweight chat'}
broadcastEmit room: root event: status data: {'msg': 'hello world?!'}
chat: {'message': 'to say the least xD'}
broadcastEmit room: root event: chat data: {'message': 'to say the least xD'}
broadcastEmit room: root event: status data: {'msg': 'hello world?!'}
broadcastEmit room: root event: status data: {'msg': 'hello world?!'}
broadcastEmit room: root event: status data: {'msg': 'hello world?!'}
chat: {'message': "refreshing loses chat history cause there's no database yet"}
broadcastEmit room: root event: chat data: {'message': "refreshing loses chat history cause there's no database yet"}
chat: {'message': ':3'}
broadcastEmit room: root event: chat data: {'message': ':3'}
broadcastEmit room: root event: status data: {'msg': 'hello world?!'}
broadcastEmit room: root event: status data: {'msg': 'hello world?!'}
broadcastEmit room: root event: status data: {'msg': 'hello world?!'}
broadcastEmit room: root event: status data: {'msg': 'hello world?!'}
broadcastEmit room: root event: status data: {'msg': 'hello world?!'}
chat: {'message': 'oof'}
broadcastEmit room: root event: chat data: {'message': 'oof'}
broadcastEmit room: root event: status data: {'msg': 'hello world?!'}
broadcastEmit room: root event: status data: {'msg': 'hello world?!'}
broadcastEmit room: root event: status data: {'msg': 'hello world?!'}
broadcastEmit room: root event: status data: {'msg': 'hello world?!'}
[2024-03-16 16:53:59 -0500] [4264] [DEBUG] GET /
[2024-03-16 16:53:59 -0500] [4264] [DEBUG] Closing connection. 
[2024-03-16 16:53:59 -0500] [4264] [DEBUG] GET /socket.io/
[2024-03-16 16:53:59 -0500] [4264] [DEBUG] Closing connection. 
[2024-03-16 16:53:59 -0500] [4264] [DEBUG] POST /socket.io/
[2024-03-16 16:53:59 -0500] [4264] [DEBUG] Closing connection. 
[2024-03-16 16:53:59 -0500] [4264] [DEBUG] GET /socket.io/
[2024-03-16 16:53:59 -0500] [4264] [DEBUG] Closing connection. 
[2024-03-16 16:53:59 -0500] [4264] [DEBUG] GET /socket.io/
[2024-03-16 16:53:59 -0500] [4264] [DEBUG] POST /socket.io/
socketIO.on enter
broadcastEmit room: root event: status data: {'room': 'root', 'ua': 'PC / Windows 10 / Chrome 122.0.0', 'status': 'a user has joined the room.'}
[2024-03-16 16:53:59 -0500] [4264] [DEBUG] Closing connection. 
[2024-03-16 16:53:59 -0500] [4264] [DEBUG] GET /socket.io/
[2024-03-16 16:53:59 -0500] [4264] [DEBUG] Closing connection. 
[2024-03-16 16:53:59 -0500] [4264] [DEBUG] GET /socket.io/
[2024-03-16 16:53:59 -0500] [4264] [DEBUG] Closing connection. 
[2024-03-16 16:54:00 -0500] [4264] [DEBUG] Closing connection. 
broadcastEmit room: root event: status data: {'msg': 'hello world?!'}
chat: {'message': '<3 you mikeyyy'}
broadcastEmit room: root event: chat data: {'message': '<3 you mikeyyy'}
broadcastEmit room: root event: status data: {'msg': 'hello world?!'}
broadcastEmit room: root event: status data: {'msg': 'hello world?!'}
broadcastEmit room: root event: status data: {'msg': 'hello world?!'}
broadcastEmit room: root event: status data: {'msg': 'hello world?!'}
broadcastEmit room: root event: status data: {'msg': 'hello world?!'}
broadcastEmit room: root event: status data: {'msg': 'hello world?!'}
chat: {'message': '<3 you toooo chroma'}
broadcastEmit room: root event: chat data: {'message': '<3 you toooo chroma'}
broadcastEmit room: root event: status data: {'msg': 'hello world?!'}
chat: {'message': 'owo'}
broadcastEmit room: root event: chat data: {'message': 'owo'}
broadcastEmit room: root event: status data: {'msg': 'hello world?!'}
broadcastEmit room: root event: status data: {'msg': 'hello world?!'}
broadcastEmit room: root event: status data: {'msg': 'hello world?!'}
broadcastEmit room: root event: status data: {'msg': 'hello world?!'}
broadcastEmit room: root event: status data: {'msg': 'hello world?!'}
broadcastEmit room: root event: status data: {'msg': 'hello world?!'}
broadcastEmit room: root event: status data: {'msg': 'hello world?!'}
broadcastEmit room: root event: status data: {'msg': 'hello world?!'}
broadcastEmit room: root event: status data: {'msg': 'hello world?!'}
broadcastEmit room: root event: status data: {'msg': 'hello world?!'}
broadcastEmit room: root event: status data: {'msg': 'hello world?!'}
broadcastEmit room: root event: status data: {'msg': 'hello world?!'}
broadcastEmit room: root event: status data: {'msg': 'hello world?!'}
broadcastEmit room: root event: status data: {'msg': 'hello world?!'}
broadcastEmit room: root event: status data: {'msg': 'hello world?!'}
broadcastEmit room: root event: status data: {'msg': 'hello world?!'}
broadcastEmit room: root event: status data: {'msg': 'hello world?!'}
broadcastEmit room: root event: status data: {'msg': 'hello world?!'}
broadcastEmit room: root event: status data: {'msg': 'hello world?!'}
broadcastEmit room: root event: status data: {'msg': 'hello world?!'}
broadcastEmit room: root event: status data: {'msg': 'hello world?!'}
broadcastEmit room: root event: status data: {'msg': 'hello world?!'}
broadcastEmit room: root event: status data: {'msg': 'hello world?!'}
broadcastEmit room: root event: status data: {'msg': 'hello world?!'}
broadcastEmit room: root event: status data: {'msg': 'hello world?!'}
broadcastEmit room: root event: status data: {'msg': 'hello world?!'}
broadcastEmit room: root event: status data: {'msg': 'hello world?!'}
broadcastEmit room: root event: status data: {'msg': 'hello world?!'}
broadcastEmit room: root event: status data: {'msg': 'hello world?!'}
broadcastEmit room: root event: status data: {'msg': 'hello world?!'}
broadcastEmit room: root event: status data: {'msg': 'hello world?!'}
broadcastEmit room: root event: status data: {'msg': 'hello world?!'}
broadcastEmit room: root event: status data: {'msg': 'hello world?!'}
broadcastEmit room: root event: status data: {'msg': 'hello world?!'}
broadcastEmit room: root event: status data: {'msg': 'hello world?!'}
broadcastEmit room: root event: status data: {'msg': 'hello world?!'}
broadcastEmit room: root event: status data: {'msg': 'hello world?!'}
broadcastEmit room: root event: status data: {'msg': 'hello world?!'}
broadcastEmit room: root event: status data: {'msg': 'hello world?!'}
broadcastEmit room: root event: status data: {'msg': 'hello world?!'}
broadcastEmit room: root event: status data: {'msg': 'hello world?!'}
broadcastEmit room: root event: status data: {'msg': 'hello world?!'}
broadcastEmit room: root event: status data: {'msg': 'hello world?!'}
broadcastEmit room: root event: status data: {'msg': 'hello world?!'}
broadcastEmit room: root event: status data: {'msg': 'hello world?!'}
broadcastEmit room: root event: status data: {'msg': 'hello world?!'}
broadcastEmit room: root event: status data: {'msg': 'hello world?!'}
broadcastEmit room: root event: status data: {'msg': 'hello world?!'}
broadcastEmit room: root event: status data: {'msg': 'hello world?!'}
broadcastEmit room: root event: status data: {'msg': 'hello world?!'}
chat: {'message': 'uwu'}
broadcastEmit room: root event: chat data: {'message': 'uwu'}
broadcastEmit room: root event: status data: {'msg': 'hello world?!'}
broadcastEmit room: root event: status data: {'msg': 'hello world?!'}
broadcastEmit room: root event: status data: {'msg': 'hello world?!'}
broadcastEmit room: root event: status data: {'msg': 'hello world?!'}
broadcastEmit room: root event: status data: {'msg': 'hello world?!'}
broadcastEmit room: root event: status data: {'msg': 'hello world?!'}
broadcastEmit room: root event: status data: {'msg': 'hello world?!'}
broadcastEmit room: root event: status data: {'msg': 'hello world?!'}
broadcastEmit room: root event: status data: {'msg': 'hello world?!'}
broadcastEmit room: root event: status data: {'msg': 'hello world?!'}
broadcastEmit room: root event: status data: {'msg': 'hello world?!'}
broadcastEmit room: root event: status data: {'msg': 'hello world?!'}
broadcastEmit room: root event: status data: {'msg': 'hello world?!'}
broadcastEmit room: root event: status data: {'msg': 'hello world?!'}
broadcastEmit room: root event: status data: {'msg': 'hello world?!'}
broadcastEmit room: root event: status data: {'msg': 'hello world?!'}
broadcastEmit room: root event: status data: {'msg': 'hello world?!'}
broadcastEmit room: root event: status data: {'msg': 'hello world?!'}
broadcastEmit room: root event: status data: {'msg': 'hello world?!'}
broadcastEmit room: root event: status data: {'msg': 'hello world?!'}
broadcastEmit room: root event: status data: {'msg': 'hello world?!'}
broadcastEmit room: root event: status data: {'msg': 'hello world?!'}
broadcastEmit room: root event: status data: {'msg': 'hello world?!'}
broadcastEmit room: root event: status data: {'msg': 'hello world?!'}
broadcastEmit room: root event: status data: {'msg': 'hello world?!'}
broadcastEmit room: root event: status data: {'msg': 'hello world?!'}
broadcastEmit room: root event: status data: {'msg': 'hello world?!'}
broadcastEmit room: root event: status data: {'msg': 'hello world?!'}
broadcastEmit room: root event: status data: {'msg': 'hello world?!'}
broadcastEmit room: root event: status data: {'msg': 'hello world?!'}
broadcastEmit room: root event: status data: {'msg': 'hello world?!'}
broadcastEmit room: root event: status data: {'msg': 'hello world?!'}
broadcastEmit room: root event: status data: {'msg': 'hello world?!'}
broadcastEmit room: root event: status data: {'msg': 'hello world?!'}
broadcastEmit room: root event: status data: {'msg': 'hello world?!'}
broadcastEmit room: root event: status data: {'msg': 'hello world?!'}
broadcastEmit room: root event: status data: {'msg': 'hello world?!'}
broadcastEmit room: root event: status data: {'msg': 'hello world?!'}
broadcastEmit room: root event: status data: {'msg': 'hello world?!'}
broadcastEmit room: root event: status data: {'msg': 'hello world?!'}
broadcastEmit room: root event: status data: {'msg': 'hello world?!'}
broadcastEmit room: root event: status data: {'msg': 'hello world?!'}
broadcastEmit room: root event: status data: {'msg': 'hello world?!'}
broadcastEmit room: root event: status data: {'msg': 'hello world?!'}
broadcastEmit room: root event: status data: {'msg': 'hello world?!'}
broadcastEmit room: root event: status data: {'msg': 'hello world?!'}
broadcastEmit room: root event: status data: {'msg': 'hello world?!'}
broadcastEmit room: root event: status data: {'msg': 'hello world?!'}
broadcastEmit room: root event: status data: {'msg': 'hello world?!'}
broadcastEmit room: root event: status data: {'msg': 'hello world?!'}
broadcastEmit room: root event: status data: {'msg': 'hello world?!'}
broadcastEmit room: root event: status data: {'msg': 'hello world?!'}
broadcastEmit room: root event: status data: {'msg': 'hello world?!'}
broadcastEmit room: root event: status data: {'msg': 'hello world?!'}
broadcastEmit room: root event: status data: {'msg': 'hello world?!'}
broadcastEmit room: root event: status data: {'msg': 'hello world?!'}
broadcastEmit room: root event: status data: {'msg': 'hello world?!'}
broadcastEmit room: root event: status data: {'msg': 'hello world?!'}
broadcastEmit room: root event: status data: {'msg': 'hello world?!'}
[2024-03-16 17:03:47 -0500] [4264] [INFO] Worker reloading: /home/wumbl3priv/AiCode/Things/B/app.py modified
broadcastEmit room: root event: status data: {'msg': 'hello world?!'}
